<?xml version="1.0" encoding="UTF-8"?>
<testng-results skipped="0" failed="0" total="1" passed="1">
  <reporter-output>
  </reporter-output>
  <suite name="JCPSuite" duration-ms="290393" started-at="2016-03-17T13:27:02Z" finished-at="2016-03-17T13:31:52Z">
    <groups>
      <group name="cucumber">
        <method signature="AbstractTestNGCucumberTests.feature(cucumber.api.testng.CucumberFeatureWrapper)[pri:0, instance:CucumberRunner@6562a121]" name="feature" class="cucumber.api.testng.AbstractTestNGCucumberTests"/>
      </group> <!-- cucumber -->
    </groups>
    <test name="JPC_HomeScreen" duration-ms="290393" started-at="2016-03-17T13:27:02Z" finished-at="2016-03-17T13:31:52Z">
      <class name="CucumberRunner">
        <test-method status="PASS" signature="setUpClass()[pri:0, instance:CucumberRunner@6562a121]" name="setUpClass" is-config="true" duration-ms="338" started-at="2016-03-17T18:57:02Z" finished-at="2016-03-17T18:57:02Z">
          <reporter-output>
          </reporter-output>
        </test-method> <!-- setUpClass -->
        <test-method status="PASS" signature="feature(cucumber.api.testng.CucumberFeatureWrapper)[pri:0, instance:CucumberRunner@6562a121]" name="feature" duration-ms="289926" started-at="2016-03-17T18:57:02Z" description="Runs Cucumber Feature" data-provider="features" finished-at="2016-03-17T19:01:52Z">
          <params>
            <param index="0">
              <value>
                <![CDATA[CucumberPOC]]>
              </value>
            </param>
          </params>
          <reporter-output>
          </reporter-output>
        </test-method> <!-- feature -->
        <test-method status="PASS" signature="tearDownClass()[pri:0, instance:CucumberRunner@6562a121]" name="tearDownClass" is-config="true" duration-ms="12" started-at="2016-03-17T19:01:52Z" finished-at="2016-03-17T19:01:52Z">
          <reporter-output>
          </reporter-output>
        </test-method> <!-- tearDownClass -->
      </class> <!-- CucumberRunner -->
    </test> <!-- JPC_HomeScreen -->
  </suite> <!-- JCPSuite -->
  <suite name="AllTest" duration-ms="0" started-at="2016-03-17T13:31:53Z" finished-at="2016-03-17T13:31:53Z">
    <groups>
    </groups>
  </suite> <!-- AllTest -->
</testng-results>
